<?xml version="1.0" encoding="UTF-8"?>
<!-- Generated by org.testng.reporters.JUnitXMLReporter -->
<testsuite ignored="0" hostname="LAPTOP-4UU3SGMU" failures="0" tests="4" name="Test" time="0.064" errors="0" timestamp="2022-10-31T20:19:29 IST">
  <testcase classname="com.testng.Dummy" name="test1" time="0.005"/>
  <testcase classname="com.testng.Dummy" name="test2" time="0.001"/>
  <testcase classname="com.testng.A" name="test1" time="0.001"/>
  <testcase classname="com.testng.A" name="test2" time="0.003"/>
</testsuite> <!-- Test -->
